Started at Sun Dec 17 01:21:32 UTC 2023
Processing docker test
Offering docker test to Project Build Discarder
docker test accepted by Project Build Discarder
Processing login and logout docker
Offering login and logout docker to Project Build Discarder
Processing test full
Offering test full to Project Build Discarder
test full accepted by Project Build Discarder
Processing world-of-games/deploy world-of-games
Offering world-of-games/deploy world-of-games to Project Build Discarder
world-of-games/deploy world-of-games accepted by Project Build Discarder
Finished at Sun Dec 17 01:21:32 UTC 2023. 118ms
Started at Sun Dec 17 02:21:32 UTC 2023
Processing docker test
Offering docker test to Project Build Discarder
docker test accepted by Project Build Discarder
Processing login and logout docker
Offering login and logout docker to Project Build Discarder
Processing test full
Offering test full to Project Build Discarder
test full accepted by Project Build Discarder
Processing world-of-games/deploy world-of-games
Offering world-of-games/deploy world-of-games to Project Build Discarder
world-of-games/deploy world-of-games accepted by Project Build Discarder
Finished at Sun Dec 17 02:21:32 UTC 2023. 38ms
Started at Sun Dec 17 08:31:56 UTC 2023
Processing docker test
Offering docker test to Project Build Discarder
docker test accepted by Project Build Discarder
Processing login and logout docker
Offering login and logout docker to Project Build Discarder
Processing test full
Offering test full to Project Build Discarder
test full accepted by Project Build Discarder
Processing world-of-games/deploy world-of-games
Offering world-of-games/deploy world-of-games to Project Build Discarder
world-of-games/deploy world-of-games accepted by Project Build Discarder
Finished at Sun Dec 17 08:31:56 UTC 2023. 22ms
Started at Sun Dec 17 09:31:56 UTC 2023
Processing docker test
Offering docker test to Project Build Discarder
docker test accepted by Project Build Discarder
Processing login and logout docker
Offering login and logout docker to Project Build Discarder
Processing test full
Offering test full to Project Build Discarder
test full accepted by Project Build Discarder
Processing world-of-games/deploy world-of-games
Offering world-of-games/deploy world-of-games to Project Build Discarder
world-of-games/deploy world-of-games accepted by Project Build Discarder
Finished at Sun Dec 17 09:31:56 UTC 2023. 38ms
