--- Copying files at Wed Nov 15 23:22:22 UTC 2023
--- Copying files at Thu Nov 16 09:17:25 UTC 2023
--- Copying files at Thu Nov 16 12:53:39 UTC 2023
--- Copying files at Thu Nov 16 12:56:00 UTC 2023
--- Copying files at Thu Nov 16 12:57:44 UTC 2023
--- Copying files at Thu Nov 16 21:51:26 UTC 2023
--- Copying files at Thu Nov 16 22:04:22 UTC 2023
--- Copying files at Thu Nov 16 23:36:50 UTC 2023
--- Copying files at Thu Nov 16 23:44:50 UTC 2023
--- Copying files at Fri Nov 17 16:48:40 UTC 2023
--- Copying files at Sat Nov 18 14:39:20 UTC 2023
--- Copying files at Sat Nov 18 21:44:59 UTC 2023
--- Copying files at Sat Nov 18 21:57:01 UTC 2023
--- Copying files at Sat Nov 18 22:49:54 UTC 2023
--- Copying files at Sun Nov 19 14:33:45 UTC 2023
--- Copying files at Sun Nov 19 17:22:26 UTC 2023
--- Copying files at Wed Nov 22 09:24:26 UTC 2023
--- Copying files at Wed Nov 22 16:52:34 UTC 2023
--- Copying files at Wed Nov 22 16:54:15 UTC 2023
--- Copying files at Wed Nov 22 22:58:21 UTC 2023
--- Copying files at Wed Nov 22 23:06:35 UTC 2023
--- Copying files at Wed Nov 22 23:37:52 UTC 2023
--- Copying files at Thu Nov 23 00:09:51 UTC 2023
--- Copying files at Thu Nov 23 07:37:39 UTC 2023
--- Copying files at Fri Nov 24 22:03:29 UTC 2023
--- Copying files at Sun Nov 26 01:02:46 UTC 2023
--- Copying files at Sun Nov 26 01:05:32 UTC 2023
--- Copying files at Sun Nov 26 14:04:56 UTC 2023
--- Copying files at Sun Nov 26 14:45:32 UTC 2023
--- Copying files at Mon Nov 27 14:30:19 UTC 2023
--- Copying files at Mon Nov 27 23:47:20 UTC 2023
--- Copying files at Thu Nov 30 10:07:48 UTC 2023
--- Copying files at Mon Dec  4 03:56:12 UTC 2023
--- Copying files at Mon Dec  4 23:49:46 UTC 2023
--- Copying files at Tue Dec  5 00:08:40 UTC 2023
--- Copying files at Wed Dec  6 23:40:24 UTC 2023
--- Copying files at Sun Dec 10 22:05:26 UTC 2023
--- Copying files at Sun Dec 10 23:56:48 UTC 2023
--- Copying files at Wed Dec 13 08:38:32 UTC 2023
--- Copying files at Wed Dec 13 12:07:36 UTC 2023
--- Copying files at Sun Dec 17 01:01:28 UTC 2023
--- Copying files at Sun Dec 17 10:08:52 UTC 2023
